-------------------------------------------------------------------------------
Test set: com.bprofilefrangimz.bprofile.BprofileApplicationTests
-------------------------------------------------------------------------------
Tests run: 1, Failures: 0, Errors: 1, Skipped: 0, Time elapsed: 1.927 s <<< FAILURE! - in com.bprofilefrangimz.bprofile.BprofileApplicationTests
contextLoads  Time elapsed: 0.006 s  <<< ERROR!
java.lang.IllegalStateException: Failed to load ApplicationContext
Caused by: org.springframework.beans.factory.BeanCreationException: Error creating bean with name 'entityManagerFactory' defined in class path resource [org/springframework/boot/autoconfigure/orm/jpa/HibernateJpaConfiguration.class]: Invocation of init method failed; nested exception is javax.persistence.PersistenceException: [PersistenceUnit: default] Unable to build Hibernate SessionFactory; nested exception is java.lang.RuntimeException: Driver org.hsqldb.jdbc.JDBCDriver claims to not accept jdbcUrl, jdbc:${MYSQL_PUBLIC_URL}
Caused by: javax.persistence.PersistenceException: [PersistenceUnit: default] Unable to build Hibernate SessionFactory; nested exception is java.lang.RuntimeException: Driver org.hsqldb.jdbc.JDBCDriver claims to not accept jdbcUrl, jdbc:${MYSQL_PUBLIC_URL}
Caused by: java.lang.RuntimeException: Driver org.hsqldb.jdbc.JDBCDriver claims to not accept jdbcUrl, jdbc:${MYSQL_PUBLIC_URL}

